<?xml version="1.0" encoding="UTF-8"?>
<!-- Generated by org.testng.reporters.JUnitReportReporter -->
<testsuite hostname="Lenovo" failures="0" tests="8" name="com.task.Flipkart" time="22.616" errors="0" timestamp="06 Dec 2021 18:10:48 GMT" skipped="2">
  <testcase classname="com.task.Flipkart" name="homePage" time="5.412"/>
  <testcase classname="com.task.Flipkart" name="scrollDown" time="6.535"/>
  <testcase classname="com.task.Flipkart" name="windowHandle" time="0.176"/>
  <testcase classname="com.task.Flipkart" name="addToCart" time="5.855"/>
  <testcase classname="com.task.Flipkart" name="screenshot" time="1.908"/>
  <testcase classname="com.task.Flipkart" name="screenshot" time="2.730"/>
  <testcase classname="com.task.Flipkart" name="assertionF">
    <skipped/>
  </testcase> <!-- assertionF -->
  <testcase classname="com.task.Flipkart" name="assertionE">
    <skipped/>
  </testcase> <!-- assertionE -->
</testsuite> <!-- com.task.Flipkart -->
