<?xml version="1.0" encoding="UTF-8"?>
<!-- Generated by org.testng.reporters.JUnitReportReporter -->
<testsuite hostname="Lenovo" failures="0" tests="2" name="com.flipkart.test.Spotify" time="19.374" errors="0" timestamp="06 Dec 2021 17:32:38 GMT" skipped="0">
  <testcase classname="com.flipkart.test.Spotify" name="homePage" time="13.035"/>
  <testcase classname="com.flipkart.test.Spotify" name="loginPage" time="6.339"/>
</testsuite> <!-- com.flipkart.test.Spotify -->
