<?xml version="1.0" encoding="UTF-8"?>
<!-- Generated by org.testng.reporters.JUnitReportReporter -->
<testsuite hostname="Lenovo" failures="0" tests="8" name="com.flipkart.test.Flipkart" time="35.485" errors="0" timestamp="06 Dec 2021 17:32:38 GMT" skipped="2">
  <testcase classname="com.flipkart.test.Flipkart" name="homePage" time="5.206"/>
  <testcase classname="com.flipkart.test.Flipkart" name="scrollDown" time="13.273"/>
  <testcase classname="com.flipkart.test.Flipkart" name="windowHandle" time="0.120"/>
  <testcase classname="com.flipkart.test.Flipkart" name="addToCart" time="14.574"/>
  <testcase classname="com.flipkart.test.Flipkart" name="screenshot" time="1.021"/>
  <testcase classname="com.flipkart.test.Flipkart" name="screenshot" time="1.291"/>
  <testcase classname="com.flipkart.test.Flipkart" name="assertionE">
    <skipped/>
  </testcase> <!-- assertionE -->
  <testcase classname="com.flipkart.test.Flipkart" name="assertionF">
    <skipped/>
  </testcase> <!-- assertionF -->
</testsuite> <!-- com.flipkart.test.Flipkart -->
