<?xml version="1.0" encoding="UTF-8"?>
<!-- Generated by org.testng.reporters.JUnitReportReporter -->
<testsuite hostname="Lenovo" failures="0" tests="2" name="com.task.Parallel" time="265.629" errors="0" timestamp="07 Dec 2021 16:06:52 GMT" skipped="0">
  <testcase classname="com.task.Parallel" name="chrome2" time="207.511"/>
  <testcase classname="com.task.Parallel" name="chrome1" time="58.118"/>
</testsuite> <!-- com.task.Parallel -->
