<?xml version="1.0" encoding="UTF-8"?>
<!-- Generated by org.testng.reporters.JUnitReportReporter -->
<testsuite hostname="Lenovo" failures="0" tests="1" name="com.flipkart.test.Spotify" time="10.865" errors="0" timestamp="06 Dec 2021 14:01:19 GMT" skipped="0">
  <testcase classname="com.flipkart.test.Spotify" name="homePage" time="10.865"/>
</testsuite> <!-- com.flipkart.test.Spotify -->
